0 info it worked if it ends with ok
1 verbose cli [ '/root/.nvm/versions/node/v7.5.0/bin/node',
1 verbose cli   '/root/.nvm/versions/node/v7.5.0/bin/npm',
1 verbose cli   'run',
1 verbose cli   'main' ]
2 info using npm@4.1.2
3 info using node@v7.5.0
4 verbose stack Error: missing script: main
4 verbose stack     at run (/root/.nvm/versions/node/v7.5.0/lib/node_modules/npm/lib/run-script.js:151:19)
4 verbose stack     at /root/.nvm/versions/node/v7.5.0/lib/node_modules/npm/lib/run-script.js:61:5
4 verbose stack     at /root/.nvm/versions/node/v7.5.0/lib/node_modules/npm/node_modules/read-package-json/read-json.js:356:5
4 verbose stack     at checkBinReferences_ (/root/.nvm/versions/node/v7.5.0/lib/node_modules/npm/node_modules/read-package-json/read-json.js:320:45)
4 verbose stack     at final (/root/.nvm/versions/node/v7.5.0/lib/node_modules/npm/node_modules/read-package-json/read-json.js:354:3)
4 verbose stack     at then (/root/.nvm/versions/node/v7.5.0/lib/node_modules/npm/node_modules/read-package-json/read-json.js:124:5)
4 verbose stack     at ReadFileContext.<anonymous> (/root/.nvm/versions/node/v7.5.0/lib/node_modules/npm/node_modules/read-package-json/read-json.js:295:20)
4 verbose stack     at ReadFileContext.callback (/root/.nvm/versions/node/v7.5.0/lib/node_modules/npm/node_modules/graceful-fs/graceful-fs.js:78:16)
4 verbose stack     at FSReqWrap.readFileAfterOpen [as oncomplete] (fs.js:336:13)
5 verbose cwd /home/ubuntu/project/donnyslist/server
6 error Linux 4.4.0-112-generic
7 error argv "/root/.nvm/versions/node/v7.5.0/bin/node" "/root/.nvm/versions/node/v7.5.0/bin/npm" "run" "main"
8 error node v7.5.0
9 error npm  v4.1.2
10 error missing script: main
11 error If you need help, you may report this error at:
11 error     <https://github.com/npm/npm/issues>
12 verbose exit [ 1, true ]
